U	SRR19415656.1	unclassified (taxid 0)	151|151	A:1 0:116 |:| 0:117
U	SRR19415656.2	unclassified (taxid 0)	151|151	A:1 0:116 |:| 0:79 2681549:4 0:34
U	SRR19415656.3	unclassified (taxid 0)	151|151	A:1 0:116 |:| 0:117
C	SRR19415656.4	Bifidobacterium dentium (taxid 1689)	151|151	A:1 2:4 1689:5 2:2 1678:11 1689:3 1678:1 1689:5 0:85 |:| 0:117
U	SRR19415656.5	unclassified (taxid 0)	151|151	A:1 0:116 |:| 0:117
U	SRR19415656.6	unclassified (taxid 0)	151|151	A:1 0:116 |:| 0:117
C	SRR19415656.7	Bdellovibrio (taxid 958)	151|151	A:1 33033:4 0:2 9:2 0:22 2996318:1 0:85 |:| 0:11 958:5 0:10 2:1 0:90
U	SRR19415656.8	unclassified (taxid 0)	151|151	A:1 0:116 |:| 0:117
U	SRR19415656.9	unclassified (taxid 0)	151|151	A:1 0:116 |:| 0:117
C	SRR19415656.10	Ruminococcus (taxid 1263)	151|151	A:1 2576756:1 2:5 186802:8 186801:4 2:6 186801:6 186802:5 186801:1 186802:5 0:42 186802:4 0:6 186802:3 0:8 1297617:2 1783272:3 49546:1 459349:5 0:1 |:| 0:46 1263:5 0:14 1239:5 186802:3 0:1 2576756:1 186801:5 2576756:2 186802:5 0:30
U	SRR19415656.11	unclassified (taxid 0)	151|151	A:1 0:116 |:| 0:117
U	SRR19415656.12	unclassified (taxid 0)	151|151	A:1 0:116 |:| 0:117
U	SRR19415656.13	unclassified (taxid 0)	151|151	A:1 0:116 |:| 0:117
U	SRR19415656.14	unclassified (taxid 0)	151|151	A:1 0:116 |:| 0:117
C	SRR19415656.15	Streptomyces (taxid 1883)	151|151	A:1 0:89 1883:1 0:26 |:| 0:68 1883:1 0:48
U	SRR19415656.16	unclassified (taxid 0)	151|151	A:1 0:116 |:| 0:117
U	SRR19415656.17	unclassified (taxid 0)	151|151	A:1 0:116 |:| 0:117
U	SRR19415656.18	unclassified (taxid 0)	151|151	A:1 0:116 |:| 0:117
U	SRR19415656.19	unclassified (taxid 0)	151|151	A:1 0:116 |:| 0:117
U	SRR19415656.20	unclassified (taxid 0)	151|151	A:1 0:116 |:| 0:117
U	SRR19415656.21	unclassified (taxid 0)	151|151	A:1 0:116 |:| 0:117
U	SRR19415656.22	unclassified (taxid 0)	151|151	A:1 0:116 |:| 0:117
U	SRR19415656.23	unclassified (taxid 0)	151|151	A:1 0:116 |:| 0:117
U	SRR19415656.24	unclassified (taxid 0)	151|151	A:1 0:116 |:| 0:117
C	SRR19415656.25	Prevotella multiformis (taxid 282402)	151|151	A:1 0:82 3379134:2 282402:5 0:27 |:| 0:117
U	SRR19415656.26	unclassified (taxid 0)	151|151	A:1 0:116 |:| 0:117
U	SRR19415656.27	unclassified (taxid 0)	151|151	A:1 0:116 |:| 0:117
U	SRR19415656.28	unclassified (taxid 0)	151|151	A:1 0:116 |:| 0:117
C	SRR19415656.29	Lactobacillus helveticus (taxid 1587)	151|151	A:1 0:1 2:4 0:44 1587:5 0:62 |:| 0:117
U	SRR19415656.30	unclassified (taxid 0)	151|151	A:1 0:116 |:| 0:117
U	SRR19415656.31	unclassified (taxid 0)	151|151	A:1 0:116 |:| 0:117
U	SRR19415656.32	unclassified (taxid 0)	151|151	A:1 0:116 |:| 0:89 106589:1 0:27
C	SRR19415656.33	Bifidobacterium dentium (taxid 1689)	151|151	A:1 1689:69 1678:2 1689:45 |:| 1689:32 1678:11 1689:4 1678:5 1689:4 1678:1 1689:1 1678:1 1689:2 1678:5 1689:9 1678:4 1689:1 1678:5 1689:32
U	SRR19415656.34	unclassified (taxid 0)	151|151	A:1 0:116 |:| 0:117
C	SRR19415656.35	Bacteria (taxid 2)	151|151	A:1 0:95 875808:5 0:16 |:| 0:41 2752316:5 0:71
U	SRR19415656.36	unclassified (taxid 0)	151|151	A:1 0:116 |:| 0:117
U	SRR19415656.37	unclassified (taxid 0)	151|151	A:1 0:116 |:| 0:117
U	SRR19415656.38	unclassified (taxid 0)	151|151	A:1 0:116 |:| 0:117
C	SRR19415656.39	Bifidobacterium pseudocatenulatum (taxid 28026)	151|151	A:1 0:9 1680:2 1678:2 0:56 28026:3 0:24 1678:1 0:19 |:| 0:4 1678:7 0:4 1678:6 0:34 1678:1 0:24 28026:3 0:34
U	SRR19415656.40	unclassified (taxid 0)	151|151	A:1 0:116 |:| 0:117
C	SRR19415656.41	Pseudomonadota (taxid 1224)	151|151	A:1 0:69 40545:5 0:4 1437360:5 0:33 |:| 0:117
C	SRR19415656.42	Prevotella (taxid 838)	151|151	A:1 0:116 |:| 0:23 3379134:13 838:5 0:76
U	SRR19415656.43	unclassified (taxid 0)	151|151	A:1 0:116 |:| 0:2 468911:5 0:110
C	SRR19415656.44	Clostridia (taxid 186801)	151|151	A:1 0:24 1301:5 0:81 3235037:5 0:1 |:| 0:2 186801:8 2608920:5 0:5 2608920:3 0:5 3114296:3 0:9 1239:1 0:3 186803:2 1239:5 186803:6 0:7 186801:4 0:49
U	SRR19415656.45	unclassified (taxid 0)	151|151	A:1 0:116 |:| 0:117
U	SRR19415656.46	unclassified (taxid 0)	151|151	A:1 0:116 |:| 0:117
U	SRR19415656.47	unclassified (taxid 0)	151|151	A:1 0:116 |:| 0:117
U	SRR19415656.48	unclassified (taxid 0)	151|151	A:1 0:116 |:| 0:117
C	SRR19415656.49	Arcobacter sp. (taxid 1872629)	151|151	A:1 0:48 1872629:2 0:66 |:| 0:55 1872629:2 0:60
U	SRR19415656.50	unclassified (taxid 0)	151|151	A:1 0:116 |:| 0:117
U	SRR19415656.51	unclassified (taxid 0)	151|151	A:1 0:60 38301:3 0:53 |:| 0:117
U	SRR19415656.52	unclassified (taxid 0)	151|151	A:1 0:116 |:| 0:117
U	SRR19415656.53	unclassified (taxid 0)	151|151	A:1 0:116 |:| 0:117
U	SRR19415656.54	unclassified (taxid 0)	151|151	A:1 0:116 |:| 0:117
U	SRR19415656.55	unclassified (taxid 0)	151|151	A:1 0:116 |:| 0:117
U	SRR19415656.56	unclassified (taxid 0)	151|151	A:1 0:116 |:| 0:117
U	SRR19415656.57	unclassified (taxid 0)	151|151	A:1 0:116 |:| 0:117
U	SRR19415656.58	unclassified (taxid 0)	151|151	A:1 0:116 |:| 0:117
U	SRR19415656.59	unclassified (taxid 0)	151|151	A:1 0:116 |:| 0:117
C	SRR19415656.60	Prevotella melaninogenica (taxid 28132)	151|151	A:1 0:8 1761016:5 0:73 46506:1 171549:3 28132:5 0:21 |:| 0:61 28132:5 171549:3 46506:1 0:47
U	SRR19415656.61	unclassified (taxid 0)	151|151	A:1 0:116 |:| 0:117
U	SRR19415656.62	unclassified (taxid 0)	151|151	A:1 0:116 |:| 0:117
C	SRR19415656.63	Oscillospiraceae (taxid 216572)	151|151	A:1 0:116 |:| 0:89 588581:5 0:17 720554:5 0:1
U	SRR19415656.64	unclassified (taxid 0)	151|151	A:1 0:116 |:| 0:117
U	SRR19415656.65	unclassified (taxid 0)	151|151	A:1 0:116 |:| 0:117
U	SRR19415656.66	unclassified (taxid 0)	151|151	A:1 0:116 |:| 0:117
U	SRR19415656.67	unclassified (taxid 0)	151|151	A:1 0:116 |:| 0:117
U	SRR19415656.68	unclassified (taxid 0)	151|151	A:1 0:116 |:| 0:117
U	SRR19415656.69	unclassified (taxid 0)	151|151	A:1 0:116 |:| 0:117
C	SRR19415656.70	Blautia obeum A2-162 (taxid 657314)	151|151	A:1 0:2 40520:5 0:7 2:1 0:25 657314:1 0:24 657314:3 0:9 40520:5 0:1 40520:33 |:| 0:19 40520:2 0:8 40520:4 0:5 418240:6 0:9 476272:2 40520:5 418240:3 40520:1 0:5 40520:5 0:1 40520:36 0:1 40520:5
C	SRR19415656.71	Bifidobacterium pseudocatenulatum (taxid 28026)	151|151	A:1 0:41 1680:5 0:7 1694:5 0:37 1678:5 2983222:4 0:12 |:| 0:45 28026:3 0:6 28026:5 0:40 1678:5 78344:3 1678:1 0:1 1678:5 0:3
U	SRR19415656.72	unclassified (taxid 0)	151|151	A:1 0:116 |:| 0:117
U	SRR19415656.73	unclassified (taxid 0)	151|151	A:1 0:116 |:| 0:117
U	SRR19415656.74	unclassified (taxid 0)	151|151	A:1 0:116 |:| 0:117
U	SRR19415656.75	unclassified (taxid 0)	151|151	A:1 0:116 |:| 0:117
U	SRR19415656.76	unclassified (taxid 0)	151|151	A:1 0:116 |:| 0:117
U	SRR19415656.77	unclassified (taxid 0)	151|151	A:1 0:116 |:| 0:117
U	SRR19415656.78	unclassified (taxid 0)	151|151	A:1 0:116 |:| 0:117
U	SRR19415656.79	unclassified (taxid 0)	151|151	A:1 0:116 |:| 0:117
C	SRR19415656.80	Olsenella uli DSM 7084 (taxid 633147)	151|151	A:1 0:16 633147:1 0:2 633147:5 0:18 2:17 0:5 2:3 3379134:8 1783272:1 0:4 2583823:7 0:2 2598579:1 2:9 84999:5 2:4 84998:5 102106:3 |:| 80840:3 0:7 2:7 102106:3 84998:5 2:4 84999:5 2:9 2598579:1 0:2 2583823:7 0:4 1783272:1 3379134:8 2:3 0:5 2:17 0:18 633147:5 0:2 633147:1
U	SRR19415656.81	unclassified (taxid 0)	151|151	A:1 0:116 |:| 0:117
U	SRR19415656.82	unclassified (taxid 0)	151|151	A:1 0:13 1502:1 0:102 |:| 0:117
C	SRR19415656.83	Streptococcus (taxid 1301)	151|151	A:1 0:63 1301:4 0:49 |:| 0:65 1301:4 0:48
U	SRR19415656.84	unclassified (taxid 0)	151|151	A:1 0:116 |:| 0:117
C	SRR19415656.85	Bacilli (taxid 91061)	151|151	0:23 2:2 0:10 1501662:1 2954672:1 0:80 |:| 0:109 2954672:1 1501662:1 0:6
U	SRR19415656.86	unclassified (taxid 0)	151|151	0:117 |:| 0:117
U	SRR19415656.87	unclassified (taxid 0)	151|151	0:117 |:| 0:99 1218:5 0:13
U	SRR19415656.88	unclassified (taxid 0)	151|151	0:117 |:| 0:117
U	SRR19415656.89	unclassified (taxid 0)	151|151	0:117 |:| 0:117
U	SRR19415656.90	unclassified (taxid 0)	151|151	0:117 |:| 0:117
U	SRR19415656.91	unclassified (taxid 0)	151|151	0:117 |:| 0:97 116085:5 0:15
U	SRR19415656.92	unclassified (taxid 0)	151|151	0:117 |:| 0:117
C	SRR19415656.93	Dorea longicatena (taxid 88431)	151|151	0:14 88431:3 0:54 88431:4 0:5 88431:5 0:3 88431:29 |:| 88431:34 0:3 88431:5 0:5 88431:4 0:54 88431:3 0:9
U	SRR19415656.94	unclassified (taxid 0)	151|151	0:117 |:| 0:117
U	SRR19415656.95	unclassified (taxid 0)	151|151	0:117 |:| 0:117
U	SRR19415656.96	unclassified (taxid 0)	151|151	0:117 |:| 0:117
C	SRR19415656.97	Anaerostipes hadrus (taxid 649756)	151|151	0:3 572511:3 0:68 649756:4 0:39 |:| 0:2 649756:2 0:12 3236815:2 0:50 649756:4 0:45
U	SRR19415656.98	unclassified (taxid 0)	151|151	0:8 450851:5 0:104 |:| 0:117
U	SRR19415656.99	unclassified (taxid 0)	151|151	0:117 |:| 0:117
U	SRR19415656.100	unclassified (taxid 0)	151|151	0:117 |:| 0:117
