U	LH00454:114:227F27LT1:1:1111:30948:16942	unclassified (taxid 0)	151|151	0:117 |:| 0:117
C	LH00454:114:227F27LT1:1:1115:24235:10790	Phocaeicola vulgatus (taxid 821)	151|151	0:84 821:1 0:3 821:2 0:17 387661:1 0:6 171549:3 |:| 0:48 171549:5 0:6 387661:1 0:17 821:2 0:3 821:1 0:34
U	LH00454:114:227F27LT1:1:1120:6418:26764	unclassified (taxid 0)	151|151	0:117 |:| 0:117
U	LH00454:114:227F27LT1:1:1122:29709:11687	unclassified (taxid 0)	151|151	0:117 |:| 0:117
U	LH00454:114:227F27LT1:1:1122:29728:11687	unclassified (taxid 0)	151|151	0:117 |:| 0:117
U	LH00454:114:227F27LT1:1:1127:52150:7954	unclassified (taxid 0)	151|151	A:1 0:116 |:| A:1 0:116
U	LH00454:114:227F27LT1:1:1129:42358:22261	unclassified (taxid 0)	151|151	0:117 |:| 0:117
U	LH00454:114:227F27LT1:1:1159:46214:10742	unclassified (taxid 0)	151|151	0:117 |:| 0:117
U	LH00454:114:227F27LT1:1:1169:19520:8835	unclassified (taxid 0)	151|151	0:117 |:| 0:117
U	LH00454:114:227F27LT1:1:1212:16099:29632	unclassified (taxid 0)	151|151	0:117 |:| 0:117
C	LH00454:114:227F27LT1:1:1220:8711:12600	Faecalibacterium prausnitzii L2-6 (taxid 718252)	151|151	216572:14 0:31 216572:1 0:1 216572:7 1550024:6 216572:14 216851:9 216572:6 0:11 216572:1 0:1 1550024:1 0:14 |:| 216572:2 216851:5 216572:10 216851:5 186802:6 216851:6 216572:3 853:11 2714353:1 0:5 2714353:4 0:38 718252:3 0:1 216572:1 0:2 216851:5 216572:3 216851:2 2:4
C	LH00454:114:227F27LT1:1:1241:3053:4749	Listeria (taxid 1637)	151|151	1637:58 1239:1 2:10 1637:2 2:8 1637:38 |:| 1637:91 2:1 1637:7 2:9 1637:9
U	LH00454:114:227F27LT1:1:1244:2202:3916	unclassified (taxid 0)	151|151	0:117 |:| 0:117
U	LH00454:114:227F27LT1:1:1246:21471:27244	unclassified (taxid 0)	151|151	0:117 |:| 0:117
C	LH00454:114:227F27LT1:1:1248:9451:15068	Listeria (taxid 1637)	151|151	1637:58 1239:1 2:10 1637:2 2:8 1637:38 |:| 1637:91 2:1 1637:7 2:9 1637:9
U	LH00454:114:227F27LT1:1:1250:26908:13818	unclassified (taxid 0)	151|151	0:117 |:| 0:117
C	LH00454:114:227F27LT1:1:1259:3617:16526	Parabacteroides (taxid 375288)	151|151	0:41 375288:7 0:69 |:| 0:117
C	LH00454:114:227F27LT1:1:1259:3607:16542	Parabacteroides (taxid 375288)	151|151	0:41 375288:7 0:69 |:| 0:117
U	LH00454:114:227F27LT1:1:1266:21868:13481	unclassified (taxid 0)	151|151	0:29 1850254:5 0:83 |:| 0:117
C	LH00454:114:227F27LT1:1:2104:3413:5438	Mycolicibacterium chubuense NBB4 (taxid 710421)	151|151	0:11 710421:1 1760:5 0:7 85007:12 1760:2 2:13 1760:4 0:6 2038343:3 0:53 |:| 0:117
U	LH00454:114:227F27LT1:1:2135:26242:28398	unclassified (taxid 0)	151|151	0:117 |:| 0:117
U	LH00454:114:227F27LT1:1:2140:34499:17327	unclassified (taxid 0)	151|151	0:117 |:| 0:117
U	LH00454:114:227F27LT1:1:2140:34489:17343	unclassified (taxid 0)	151|151	0:117 |:| 0:117
C	LH00454:114:227F27LT1:1:2148:39667:26219	Nocardioides sp. W7 (taxid 2931390)	151|151	0:100 2528024:3 0:14 |:| 0:26 2931390:5 0:86
C	LH00454:114:227F27LT1:1:2148:39658:26235	Nocardioides sp. W7 (taxid 2931390)	151|151	0:100 2528024:3 0:14 |:| 0:26 2931390:5 0:86
U	LH00454:114:227F27LT1:1:2160:3441:22021	unclassified (taxid 0)	150|151	0:116 |:| 0:117
U	LH00454:114:227F27LT1:1:2163:48220:21813	unclassified (taxid 0)	151|151	0:117 |:| 0:117
U	LH00454:114:227F27LT1:1:2163:48211:21829	unclassified (taxid 0)	151|151	0:117 |:| 0:117
C	LH00454:114:227F27LT1:1:2166:21610:22005	Clostridium intestinale (taxid 36845)	151|151	0:25 36845:5 0:87 |:| 0:111 36845:5 0:1
C	LH00454:114:227F27LT1:1:2215:27213:24248	Pseudomonas oryzihabitans (taxid 47885)	151|151	0:117 |:| 0:66 1536769:1 0:34 47885:5 0:11
U	LH00454:114:227F27LT1:1:2219:16515:7858	unclassified (taxid 0)	151|151	0:117 |:| 0:117
C	LH00454:114:227F27LT1:1:2223:1462:24424	Acinetobacter lwoffii (taxid 28090)	151|151	469:58 28090:7 469:3 28090:7 469:3 28090:1 469:5 28090:17 469:5 28090:11 |:| 28090:16 469:32 28090:11 469:5 28090:17 469:5 28090:1 469:3 28090:7 469:3 28090:7 469:10
U	LH00454:114:227F27LT1:1:2227:26288:8707	unclassified (taxid 0)	151|151	0:117 |:| 0:117
U	LH00454:114:227F27LT1:1:2243:35109:10725	unclassified (taxid 0)	151|151	0:117 |:| 0:117
U	LH00454:114:227F27LT1:1:2267:24957:5855	unclassified (taxid 0)	151|151	0:117 |:| 0:117
U	LH00454:114:227F27LT1:2:1109:15877:4285	unclassified (taxid 0)	151|151	0:117 |:| 0:117
U	LH00454:114:227F27LT1:2:1112:48368:10085	unclassified (taxid 0)	151|151	0:117 |:| 0:117
U	LH00454:114:227F27LT1:2:1117:6696:21348	unclassified (taxid 0)	151|151	0:117 |:| 0:117
C	LH00454:114:227F27LT1:2:1121:22913:10774	Pseudoxanthomonas mexicana (taxid 128785)	151|151	0:3 128785:5 0:75 2:3 0:31 |:| 0:64 2:3 0:50
U	LH00454:114:227F27LT1:2:1138:9664:25370	unclassified (taxid 0)	151|151	0:117 |:| 0:117
C	LH00454:114:227F27LT1:2:1145:2257:28654	Cutibacterium acnes (taxid 1747)	151|151	1747:42 2:2 1747:3 2:6 1747:2 2:5 1747:57 |:| 1912216:3 1760:8 1747:1 1912216:2 1747:8 1760:1 1747:74 2:5 1747:2 2:6 1747:3 2:2 1747:2
U	LH00454:114:227F27LT1:2:1153:42210:9059	unclassified (taxid 0)	151|151	0:117 |:| 0:117
U	LH00454:114:227F27LT1:2:1168:21341:1929	unclassified (taxid 0)	151|151	0:117 |:| 0:117
U	LH00454:114:227F27LT1:2:1169:13667:17022	unclassified (taxid 0)	151|151	0:117 |:| 0:117
U	LH00454:114:227F27LT1:2:1205:51659:26171	unclassified (taxid 0)	151|151	0:117 |:| 0:117
U	LH00454:114:227F27LT1:2:1209:50384:15532	unclassified (taxid 0)	151|151	0:117 |:| 0:117
U	LH00454:114:227F27LT1:2:1214:4735:8691	unclassified (taxid 0)	151|151	0:117 |:| 0:30 1234143:2 0:85
C	LH00454:114:227F27LT1:2:1223:24134:9139	Listeria monocytogenes (taxid 1639)	151|151	1637:24 1639:1 0:36 1637:56 |:| 1637:117
U	LH00454:114:227F27LT1:2:1232:5993:7954	unclassified (taxid 0)	151|151	0:117 |:| 0:117
U	LH00454:114:227F27LT1:2:1253:46509:26219	unclassified (taxid 0)	151|151	0:117 |:| 0:117
U	LH00454:114:227F27LT1:2:1269:7408:29055	unclassified (taxid 0)	151|151	0:117 |:| 0:117
C	LH00454:114:227F27LT1:2:2109:23579:28590	Aeromonas jandaei (taxid 650)	151|151	0:117 |:| 0:54 2:5 0:2 1648923:1 0:5 650:7 0:43
U	LH00454:114:227F27LT1:2:2121:27888:29039	unclassified (taxid 0)	85|151	0:51 |:| 0:117
C	LH00454:114:227F27LT1:2:2123:22294:3708	Agathobacter rectalis ATCC 33656 (taxid 515619)	151|151	0:55 515619:5 0:57 |:| 515619:3 0:29 841:1 0:53 515619:8 0:5 515619:2 0:16
C	LH00454:114:227F27LT1:2:2135:14268:19794	Faecalibacterium sp. I3-3-89 (taxid 2929493)	151|151	0:52 2929493:3 0:52 2646395:5 0:5 |:| 186802:6 0:8 186802:7 0:35 186802:2 0:1 186802:1 0:46 2646395:5 0:6
U	LH00454:114:227F27LT1:2:2143:14083:6335	unclassified (taxid 0)	151|151	0:117 |:| 0:117
C	LH00454:114:227F27LT1:2:2146:32936:16702	Microlunatus sagamiharensis (taxid 546874)	151|151	1760:8 2496867:5 1716:2 1760:5 0:4 1760:4 85006:5 0:5 546874:2 1760:2 546871:2 546874:7 0:8 546874:3 0:12 2:2 0:41 |:| 0:82 2:2 0:12 546874:3 0:8 546874:7 546871:2 1760:1
C	LH00454:114:227F27LT1:2:2149:32733:21060	Hydrogenophilus thermoluteolus (taxid 297)	151|151	0:17 297:83 1224:2 297:15 |:| 297:20 1224:2 297:83 0:12
U	LH00454:114:227F27LT1:2:2160:33888:21332	unclassified (taxid 0)	151|151	0:117 |:| 0:117
U	LH00454:114:227F27LT1:2:2166:12826:4797	unclassified (taxid 0)	151|151	0:117 |:| 0:117
U	LH00454:114:227F27LT1:2:2170:37383:23543	unclassified (taxid 0)	151|151	0:117 |:| 0:117
U	LH00454:114:227F27LT1:2:2202:47286:15196	unclassified (taxid 0)	151|151	0:117 |:| 0:56 169480:3 0:58
C	LH00454:114:227F27LT1:2:2209:25179:20948	Faecalibacterium prausnitzii (taxid 853)	151|151	0:71 216851:1 0:6 853:5 0:1 216851:9 0:24 |:| 0:66 216851:9 0:1 853:5 0:6 216851:1 0:29
U	LH00454:114:227F27LT1:2:2212:38965:25001	unclassified (taxid 0)	151|151	0:117 |:| 0:117
C	LH00454:114:227F27LT1:2:2215:35183:17743	Acinetobacter (taxid 469)	151|151	469:117 |:| 469:117
U	LH00454:114:227F27LT1:2:2224:48275:6816	unclassified (taxid 0)	151|151	0:117 |:| 0:117
U	LH00454:114:227F27LT1:2:2245:12743:10453	unclassified (taxid 0)	151|151	0:117 |:| 0:117
C	LH00454:114:227F27LT1:2:2253:26723:20098	Cutibacterium acnes (taxid 1747)	151|151	1912216:2 1760:5 1912216:12 85009:4 1912216:4 1747:7 1912216:1 1760:15 1747:6 1760:5 1747:2 1912216:1 1760:2 1747:51 |:| 1747:8 1760:1 1747:1 1760:4 1747:67 1760:2 1912216:1 1747:2 1760:5 1747:6 1760:15 1912216:1 1747:4
U	LH00454:114:227F27LT1:2:2257:12826:22806	unclassified (taxid 0)	151|151	0:117 |:| 0:117
U	LH00454:114:227F27LT1:2:2267:43283:21460	unclassified (taxid 0)	151|151	0:117 |:| 0:117
